{"level":"info","message":"Hello from Acquisitions!","service":"acquisitions-api"}
{"level":"info","message":"::1 - - [16/Sep/2025:12:16:23 +0000] \"GET / HTTP/1.1\" 304 - \"-\" \"Mozilla/5.0 (Windows NT 10.0; Win64; x64) AppleWebKit/537.36 (KHTML, like Gecko) Chrome/138.0.0.0 Safari/537.36\"","service":"acquisitions-api"}
{"level":"info","message":"Hello from Acquisitions!","service":"acquisitions-api"}
{"level":"info","message":"::1 - - [16/Sep/2025:12:18:02 +0000] \"GET / HTTP/1.1\" 304 - \"-\" \"Mozilla/5.0 (Windows NT 10.0; Win64; x64) AppleWebKit/537.36 (KHTML, like Gecko) Chrome/138.0.0.0 Safari/537.36\"","service":"acquisitions-api"}
{"level":"info","message":"Hello from Acquisitions!","service":"acquisitions-api"}
{"level":"info","message":"::1 - - [16/Sep/2025:12:18:05 +0000] \"GET / HTTP/1.1\" 304 - \"-\" \"Mozilla/5.0 (Windows NT 10.0; Win64; x64) AppleWebKit/537.36 (KHTML, like Gecko) Chrome/138.0.0.0 Safari/537.36\"","service":"acquisitions-api"}
{"level":"info","message":"Hello from Acquisitions!","service":"acquisitions-api"}
{"level":"info","message":"::1 - - [17/Sep/2025:10:59:14 +0000] \"GET / HTTP/1.1\" 304 - \"-\" \"Mozilla/5.0 (Windows NT 10.0; Win64; x64) AppleWebKit/537.36 (KHTML, like Gecko) Chrome/138.0.0.0 Safari/537.36\"","service":"acquisitions-api"}
{"level":"info","message":"::1 - - [17/Sep/2025:10:59:14 +0000] \"GET /api HTTP/1.1\" 200 42 \"-\" \"Mozilla/5.0 (Windows NT 10.0; Win64; x64) AppleWebKit/537.36 (KHTML, like Gecko) Chrome/138.0.0.0 Safari/537.36\"","service":"acquisitions-api"}
{"level":"info","message":"Hello from Acquisitions!","service":"acquisitions-api"}
{"level":"info","message":"::1 - - [17/Sep/2025:11:33:24 +0000] \"GET / HTTP/1.1\" 200 24 \"-\" \"HTTPie\"","service":"acquisitions-api"}
{"level":"info","message":"Hello from Acquisitions!","service":"acquisitions-api"}
{"level":"info","message":"::1 - - [17/Sep/2025:11:36:08 +0000] \"GET / HTTP/1.1\" 200 24 \"-\" \"HTTPie\"","service":"acquisitions-api"}
{"level":"info","message":"Hello from Acquisitions!","service":"acquisitions-api"}
{"level":"info","message":"::1 - - [17/Sep/2025:11:36:08 +0000] \"GET / HTTP/1.1\" 200 24 \"-\" \"HTTPie\"","service":"acquisitions-api"}
{"level":"info","message":"Hello from Acquisitions!","service":"acquisitions-api"}
{"level":"info","message":"::1 - - [17/Sep/2025:11:36:57 +0000] \"GET / HTTP/1.1\" 200 24 \"-\" \"HTTPie\"","service":"acquisitions-api"}
{"level":"info","message":"::1 - - [17/Sep/2025:11:37:24 +0000] \"GET /api HTTP/1.1\" 200 42 \"-\" \"HTTPie\"","service":"acquisitions-api"}
{"level":"info","message":"::1 - - [17/Sep/2025:11:37:49 +0000] \"GET /health HTTP/1.1\" 200 77 \"-\" \"HTTPie\"","service":"acquisitions-api"}
{"level":"info","message":"::1 - - [17/Sep/2025:11:40:13 +0000] \"POST /api/auth/sign-in HTTP/1.1\" 200 31 \"-\" \"HTTPie\"","service":"acquisitions-api"}
{"level":"info","message":"::1 - - [17/Sep/2025:12:04:41 +0000] \"POST /api/auth/sign-up HTTP/1.1\" 200 31 \"-\" \"HTTPie\"","service":"acquisitions-api"}
{"level":"info","message":"::1 - - [17/Sep/2025:12:09:30 +0000] \"POST /api/auth/sign-up HTTP/1.1\" 400 92 \"-\" \"HTTPie\"","service":"acquisitions-api"}
{"level":"info","message":"::1 - - [17/Sep/2025:12:12:54 +0000] \"POST /api/auth/sign-up HTTP/1.1\" 400 144 \"-\" \"HTTPie\"","service":"acquisitions-api"}
{"level":"info","message":"::1 - - [17/Sep/2025:12:15:48 +0000] \"POST /api/auth/sign-up HTTP/1.1\" 400 92 \"-\" \"HTTPie\"","service":"acquisitions-api"}
{"level":"info","message":"::1 - - [17/Sep/2025:12:16:02 +0000] \"POST /api/auth/sign-up HTTP/1.1\" 400 92 \"-\" \"HTTPie\"","service":"acquisitions-api"}
{"level":"info","message":"User registered successfully: ayushmanavinashgupta@gmail.com","service":"acquisitions-api"}
{"level":"info","message":"::1 - - [17/Sep/2025:12:16:41 +0000] \"POST /api/auth/sign-up HTTP/1.1\" 201 107 \"-\" \"HTTPie\"","service":"acquisitions-api"}
{"level":"info","message":"User admin@jsmastery.pro created successfully","service":"acquisitions-api"}
{"level":"info","message":"User registered successfully: admin@jsmastery.pro","service":"acquisitions-api"}
{"level":"info","message":"::1 - - [17/Sep/2025:15:36:53 +0000] \"POST /api/auth/sign-up HTTP/1.1\" 201 105 \"-\" \"HTTPie\"","service":"acquisitions-api"}
{"level":"info","message":"User ayushmanavinashgupta@gmail.com created successfully","service":"acquisitions-api"}
{"level":"info","message":"User registered successfully: ayushmanavinashgupta@gmail.com","service":"acquisitions-api"}
{"level":"info","message":"::1 - - [17/Sep/2025:15:38:36 +0000] \"POST /api/auth/sign-up HTTP/1.1\" 201 118 \"-\" \"HTTPie\"","service":"acquisitions-api"}
{"level":"info","message":"User ayushmanavinashgupta@gmail.com authenticated successfully","service":"acquisitions-api"}
{"level":"info","message":"User signed in successfully: ayushmanavinashgupta@gmail.com","service":"acquisitions-api"}
{"level":"info","message":"::1 - - [17/Sep/2025:16:33:30 +0000] \"POST /api/auth/sign-in HTTP/1.1\" 200 118 \"-\" \"HTTPie\"","service":"acquisitions-api"}
{"level":"info","message":"User signed out successfully","service":"acquisitions-api"}
{"level":"info","message":"::1 - - [17/Sep/2025:16:34:49 +0000] \"POST /api/auth/sign-out HTTP/1.1\" 200 42 \"-\" \"HTTPie\"","service":"acquisitions-api"}
{"level":"info","message":"::1 - - [17/Sep/2025:17:08:16 +0000] \"GET /health HTTP/1.1\" 200 75 \"-\" \"HTTPie\"","service":"acquisitions-api"}
{"level":"info","message":"::1 - - [17/Sep/2025:17:14:05 +0000] \"GET /health HTTP/1.1\" 200 73 \"-\" \"HTTPie\"","service":"acquisitions-api"}
{"level":"info","message":"::1 - - [17/Sep/2025:17:14:06 +0000] \"GET /health HTTP/1.1\" 200 76 \"-\" \"HTTPie\"","service":"acquisitions-api"}
{"level":"info","message":"::1 - - [17/Sep/2025:17:14:07 +0000] \"GET /health HTTP/1.1\" 200 76 \"-\" \"HTTPie\"","service":"acquisitions-api"}
{"level":"info","message":"::1 - - [17/Sep/2025:17:14:08 +0000] \"GET /health HTTP/1.1\" 200 76 \"-\" \"HTTPie\"","service":"acquisitions-api"}
{"level":"info","message":"::1 - - [17/Sep/2025:17:14:08 +0000] \"GET /health HTTP/1.1\" 200 76 \"-\" \"HTTPie\"","service":"acquisitions-api"}
{"ip":"::1","level":"warn","message":"Rate limit exceeded","path":"/health","service":"acquisitions-api","userAgent":"HTTPie"}
{"level":"info","message":"::1 - - [17/Sep/2025:17:14:13 +0000] \"GET /health HTTP/1.1\" 403 51 \"-\" \"HTTPie\"","service":"acquisitions-api"}
{"ip":"::1","level":"warn","message":"Rate limit exceeded","path":"/health","service":"acquisitions-api","userAgent":"HTTPie"}
{"level":"info","message":"::1 - - [17/Sep/2025:17:14:13 +0000] \"GET /health HTTP/1.1\" 403 51 \"-\" \"HTTPie\"","service":"acquisitions-api"}
{"ip":"::1","level":"warn","message":"Rate limit exceeded","path":"/health","service":"acquisitions-api","userAgent":"HTTPie"}
{"level":"info","message":"::1 - - [17/Sep/2025:17:14:13 +0000] \"GET /health HTTP/1.1\" 403 51 \"-\" \"HTTPie\"","service":"acquisitions-api"}
{"ip":"::1","level":"warn","message":"Rate limit exceeded","path":"/health","service":"acquisitions-api","userAgent":"HTTPie"}
{"level":"info","message":"::1 - - [17/Sep/2025:17:14:14 +0000] \"GET /health HTTP/1.1\" 403 51 \"-\" \"HTTPie\"","service":"acquisitions-api"}
{"ip":"::1","level":"warn","message":"Rate limit exceeded","path":"/health","service":"acquisitions-api","userAgent":"HTTPie"}
{"level":"info","message":"::1 - - [17/Sep/2025:17:14:14 +0000] \"GET /health HTTP/1.1\" 403 51 \"-\" \"HTTPie\"","service":"acquisitions-api"}
